0 verbose cli C:\Program Files\nodejs\node.exe C:\Program Files\nodejs\node_modules\npm\bin\npm-cli.js
1 info using npm@11.13.0
2 info using node@v24.16.0
3 silly config load:file:C:\Program Files\nodejs\node_modules\npm\npmrc
4 silly config load:file:C:\WORKDIR\RideManagment\RideApp\backend\.npmrc
5 silly config load:file:C:\Users\vishw\.npmrc
6 silly config load:file:C:\Users\vishw\AppData\Roaming\npm\etc\npmrc
7 verbose title npm install
8 verbose argv "install" "--cache" "C:\\WORKDIR\\RideManagment\\RideApp\\backend\\.npm-cache"
9 verbose logfile logs-max:10 dir:C:\WORKDIR\RideManagment\RideApp\backend\.npm-cache\_logs\2026-06-12T18_01_15_272Z-
10 verbose logfile C:\WORKDIR\RideManagment\RideApp\backend\.npm-cache\_logs\2026-06-12T18_01_15_272Z-debug-0.log
11 silly logfile done cleaning log files
12 silly packumentCache heap:4496293888 maxSize:1124073472 maxEntrySize:562036736
13 silly idealTree buildDeps
14 silly fetch manifest bcryptjs@^3.0.2
15 silly packumentCache full:https://registry.npmjs.org/bcryptjs cache-miss
16 http fetch GET 200 https://registry.npmjs.org/bcryptjs 340ms (cache miss)
17 silly packumentCache full:https://registry.npmjs.org/bcryptjs set size:undefined disposed:false
18 silly fetch manifest cors@^2.8.5
19 silly packumentCache full:https://registry.npmjs.org/cors cache-miss
20 http fetch GET 200 https://registry.npmjs.org/cors 119ms (cache miss)
21 silly packumentCache full:https://registry.npmjs.org/cors set size:undefined disposed:false
22 silly fetch manifest dotenv@^17.2.3
23 silly packumentCache full:https://registry.npmjs.org/dotenv cache-miss
24 http fetch GET 200 https://registry.npmjs.org/npm 576ms
25 http fetch GET 200 https://registry.npmjs.org/dotenv 169ms (cache miss)
26 silly packumentCache full:https://registry.npmjs.org/dotenv set size:undefined disposed:false
27 silly fetch manifest express@^5.1.0
28 silly packumentCache full:https://registry.npmjs.org/express cache-miss
29 http fetch GET 200 https://registry.npmjs.org/express 217ms (cache miss)
30 silly packumentCache full:https://registry.npmjs.org/express set size:undefined disposed:false
31 silly fetch manifest jsonwebtoken@^9.0.2
32 silly packumentCache full:https://registry.npmjs.org/jsonwebtoken cache-miss
33 http fetch GET 200 https://registry.npmjs.org/jsonwebtoken 129ms (cache miss)
34 silly packumentCache full:https://registry.npmjs.org/jsonwebtoken set size:undefined disposed:false
35 silly fetch manifest pg@^8.16.3
36 silly packumentCache full:https://registry.npmjs.org/pg cache-miss
37 http fetch GET 200 https://registry.npmjs.org/pg 128ms (cache miss)
38 silly packumentCache full:https://registry.npmjs.org/pg set size:undefined disposed:false
39 silly fetch manifest pg-native@>=3.0.1
40 silly packumentCache full:https://registry.npmjs.org/pg-native cache-miss
41 http fetch GET 200 https://registry.npmjs.org/pg-native 117ms (cache miss)
42 silly packumentCache full:https://registry.npmjs.org/pg-native set size:undefined disposed:false
43 silly fetch manifest zod@^4.1.12
44 silly packumentCache full:https://registry.npmjs.org/zod cache-miss
45 http fetch GET 200 https://registry.npmjs.org/zod 254ms (cache miss)
46 silly packumentCache full:https://registry.npmjs.org/zod set size:undefined disposed:false
47 silly placeDep ROOT bcryptjs@3.0.3 OK for: rideapp-backend@1.0.0 want: ^3.0.2
48 silly placeDep ROOT cors@2.8.6 OK for: rideapp-backend@1.0.0 want: ^2.8.5
49 silly placeDep ROOT dotenv@17.4.2 OK for: rideapp-backend@1.0.0 want: ^17.2.3
50 silly placeDep ROOT express@5.2.1 OK for: rideapp-backend@1.0.0 want: ^5.1.0
51 silly placeDep ROOT jsonwebtoken@9.0.3 OK for: rideapp-backend@1.0.0 want: ^9.0.2
52 silly placeDep ROOT pg@8.21.0 OK for: rideapp-backend@1.0.0 want: ^8.16.3
53 silly placeDep ROOT zod@4.4.3 OK for: rideapp-backend@1.0.0 want: ^4.1.12
54 silly fetch manifest object-assign@^4
55 silly packumentCache full:https://registry.npmjs.org/object-assign cache-miss
56 silly fetch manifest vary@^1
57 silly packumentCache full:https://registry.npmjs.org/vary cache-miss
58 silly fetch manifest qs@^6.14.0
59 silly packumentCache full:https://registry.npmjs.org/qs cache-miss
60 silly fetch manifest depd@^2.0.0
61 silly packumentCache full:https://registry.npmjs.org/depd cache-miss
62 silly fetch manifest etag@^1.8.1
63 silly packumentCache full:https://registry.npmjs.org/etag cache-miss
64 silly fetch manifest once@^1.4.0
65 silly packumentCache full:https://registry.npmjs.org/once cache-miss
66 silly fetch manifest send@^1.1.0
67 silly packumentCache full:https://registry.npmjs.org/send cache-miss
68 silly fetch manifest vary@^1.1.2
69 silly packumentCache full:https://registry.npmjs.org/vary cache-miss
70 silly fetch manifest debug@^4.4.0
71 silly packumentCache full:https://registry.npmjs.org/debug cache-miss
72 silly fetch manifest fresh@^2.0.0
73 silly packumentCache full:https://registry.npmjs.org/fresh cache-miss
74 silly fetch manifest cookie@^0.7.1
75 silly packumentCache full:https://registry.npmjs.org/cookie cache-miss
76 http fetch GET 200 https://registry.npmjs.org/object-assign 108ms (cache miss)
77 silly packumentCache full:https://registry.npmjs.org/object-assign set size:undefined disposed:false
78 silly fetch manifest router@^2.2.0
79 silly packumentCache full:https://registry.npmjs.org/router cache-miss
80 http fetch GET 200 https://registry.npmjs.org/vary 115ms (cache miss)
81 silly packumentCache full:https://registry.npmjs.org/vary set size:undefined disposed:false
82 silly fetch manifest accepts@^2.0.0
83 silly packumentCache full:https://registry.npmjs.org/accepts cache-miss
84 http fetch GET 200 https://registry.npmjs.org/router 112ms (cache miss)
85 silly packumentCache full:https://registry.npmjs.org/router set size:undefined disposed:false
86 silly fetch manifest type-is@^2.0.1
87 silly packumentCache full:https://registry.npmjs.org/type-is cache-miss
88 http fetch GET 200 https://registry.npmjs.org/once 302ms (cache miss)
89 silly packumentCache full:https://registry.npmjs.org/once set size:undefined disposed:false
90 silly fetch manifest parseurl@^1.3.3
91 silly packumentCache full:https://registry.npmjs.org/parseurl cache-miss
92 http fetch GET 200 https://registry.npmjs.org/depd 322ms (cache miss)
93 silly packumentCache full:https://registry.npmjs.org/depd set size:undefined disposed:false
94 silly fetch manifest statuses@^2.0.1
95 silly packumentCache full:https://registry.npmjs.org/statuses cache-miss
96 http fetch GET 200 https://registry.npmjs.org/etag 369ms (cache miss)
97 silly packumentCache full:https://registry.npmjs.org/etag set size:undefined disposed:false
98 silly fetch manifest encodeurl@^2.0.0
99 silly packumentCache full:https://registry.npmjs.org/encodeurl cache-miss
100 http fetch GET 200 https://registry.npmjs.org/vary 373ms (cache miss)
101 silly packumentCache full:https://registry.npmjs.org/vary set size:undefined disposed:false
102 silly fetch manifest mime-types@^3.0.0
103 silly packumentCache full:https://registry.npmjs.org/mime-types cache-miss
104 http fetch GET 200 https://registry.npmjs.org/type-is 155ms (cache miss)
105 silly packumentCache full:https://registry.npmjs.org/type-is set size:undefined disposed:false
106 silly fetch manifest proxy-addr@^2.0.7
107 silly packumentCache full:https://registry.npmjs.org/proxy-addr cache-miss
108 http fetch GET 200 https://registry.npmjs.org/fresh 383ms (cache miss)
109 silly packumentCache full:https://registry.npmjs.org/fresh set size:undefined disposed:false
110 silly fetch manifest body-parser@^2.2.1
111 silly packumentCache full:https://registry.npmjs.org/body-parser cache-miss
112 http fetch GET 200 https://registry.npmjs.org/send 394ms (cache miss)
113 silly packumentCache full:https://registry.npmjs.org/send set size:undefined disposed:false
114 silly fetch manifest escape-html@^1.0.3
115 silly packumentCache full:https://registry.npmjs.org/escape-html cache-miss
116 http fetch GET 200 https://registry.npmjs.org/cookie 399ms (cache miss)
117 silly packumentCache full:https://registry.npmjs.org/cookie set size:undefined disposed:false
118 silly fetch manifest http-errors@^2.0.0
119 silly packumentCache full:https://registry.npmjs.org/http-errors cache-miss
120 http fetch GET 200 https://registry.npmjs.org/debug 411ms (cache miss)
121 silly packumentCache full:https://registry.npmjs.org/debug set size:undefined disposed:false
122 silly fetch manifest on-finished@^2.4.1
123 silly packumentCache full:https://registry.npmjs.org/on-finished cache-miss
124 http fetch GET 200 https://registry.npmjs.org/parseurl 115ms (cache miss)
125 silly packumentCache full:https://registry.npmjs.org/parseurl set size:undefined disposed:false
126 silly fetch manifest content-type@^1.0.5
127 silly packumentCache full:https://registry.npmjs.org/content-type cache-miss
128 http fetch GET 200 https://registry.npmjs.org/qs 423ms (cache miss)
129 silly packumentCache full:https://registry.npmjs.org/qs set size:undefined disposed:false
130 silly fetch manifest finalhandler@^2.1.0
131 silly packumentCache full:https://registry.npmjs.org/finalhandler cache-miss
132 http fetch GET 200 https://registry.npmjs.org/statuses 116ms (cache miss)
133 silly packumentCache full:https://registry.npmjs.org/statuses set size:undefined disposed:false
134 silly fetch manifest range-parser@^1.2.1
135 silly packumentCache full:https://registry.npmjs.org/range-parser cache-miss
136 http fetch GET 200 https://registry.npmjs.org/accepts 337ms (cache miss)
137 silly packumentCache full:https://registry.npmjs.org/accepts set size:undefined disposed:false
138 silly fetch manifest serve-static@^2.2.0
139 silly packumentCache full:https://registry.npmjs.org/serve-static cache-miss
140 http fetch GET 200 https://registry.npmjs.org/encodeurl 105ms (cache miss)
141 silly packumentCache full:https://registry.npmjs.org/encodeurl set size:undefined disposed:false
142 silly fetch manifest cookie-signature@^1.2.1
143 silly packumentCache full:https://registry.npmjs.org/cookie-signature cache-miss
144 http fetch GET 200 https://registry.npmjs.org/proxy-addr 105ms (cache miss)
145 silly packumentCache full:https://registry.npmjs.org/proxy-addr set size:undefined disposed:false
146 silly fetch manifest merge-descriptors@^2.0.0
147 silly packumentCache full:https://registry.npmjs.org/merge-descriptors cache-miss
148 http fetch GET 200 https://registry.npmjs.org/mime-types 123ms (cache miss)
149 silly packumentCache full:https://registry.npmjs.org/mime-types set size:undefined disposed:false
150 silly fetch manifest content-disposition@^1.0.0
151 silly packumentCache full:https://registry.npmjs.org/content-disposition cache-miss
152 http fetch GET 200 https://registry.npmjs.org/on-finished 102ms (cache miss)
153 silly packumentCache full:https://registry.npmjs.org/on-finished set size:undefined disposed:false
154 silly fetch manifest ms@^2.1.1
155 silly packumentCache full:https://registry.npmjs.org/ms cache-miss
156 http fetch GET 200 https://registry.npmjs.org/http-errors 121ms (cache miss)
157 silly packumentCache full:https://registry.npmjs.org/http-errors set size:undefined disposed:false
158 silly fetch manifest jws@^4.0.1
159 silly packumentCache full:https://registry.npmjs.org/jws cache-miss
160 http fetch GET 200 https://registry.npmjs.org/body-parser 155ms (cache miss)
161 silly packumentCache full:https://registry.npmjs.org/body-parser set size:undefined disposed:false
162 silly fetch manifest semver@^7.5.4
163 silly packumentCache full:https://registry.npmjs.org/semver cache-miss
164 http fetch GET 200 https://registry.npmjs.org/finalhandler 131ms (cache miss)
165 silly packumentCache full:https://registry.npmjs.org/finalhandler set size:undefined disposed:false
166 silly fetch manifest lodash.once@^4.0.0
167 silly packumentCache full:https://registry.npmjs.org/lodash.once cache-miss
168 http fetch GET 200 https://registry.npmjs.org/range-parser 122ms (cache miss)
169 silly packumentCache full:https://registry.npmjs.org/range-parser set size:undefined disposed:false
170 silly fetch manifest lodash.includes@^4.3.0
171 silly packumentCache full:https://registry.npmjs.org/lodash.includes cache-miss
172 http fetch GET 200 https://registry.npmjs.org/serve-static 119ms (cache miss)
173 silly packumentCache full:https://registry.npmjs.org/serve-static set size:undefined disposed:false
174 silly fetch manifest lodash.isnumber@^3.0.3
175 silly packumentCache full:https://registry.npmjs.org/lodash.isnumber cache-miss
176 http fetch GET 200 https://registry.npmjs.org/cookie-signature 106ms (cache miss)
177 silly packumentCache full:https://registry.npmjs.org/cookie-signature set size:undefined disposed:false
178 silly fetch manifest lodash.isstring@^4.0.1
179 silly packumentCache full:https://registry.npmjs.org/lodash.isstring cache-miss
180 http fetch GET 200 https://registry.npmjs.org/merge-descriptors 114ms (cache miss)
181 silly packumentCache full:https://registry.npmjs.org/merge-descriptors set size:undefined disposed:false
182 silly fetch manifest lodash.isboolean@^3.0.3
183 silly packumentCache full:https://registry.npmjs.org/lodash.isboolean cache-miss
184 http fetch GET 200 https://registry.npmjs.org/content-disposition 114ms (cache miss)
185 silly packumentCache full:https://registry.npmjs.org/content-disposition set size:undefined disposed:false
186 silly fetch manifest lodash.isinteger@^4.0.4
187 silly packumentCache full:https://registry.npmjs.org/lodash.isinteger cache-miss
188 http fetch GET 200 https://registry.npmjs.org/ms 114ms (cache miss)
189 silly packumentCache full:https://registry.npmjs.org/ms set size:undefined disposed:false
190 silly fetch manifest lodash.isplainobject@^4.0.6
191 silly packumentCache full:https://registry.npmjs.org/lodash.isplainobject cache-miss
192 http fetch GET 200 https://registry.npmjs.org/lodash.isnumber 110ms (cache miss)
193 silly packumentCache full:https://registry.npmjs.org/lodash.isnumber set size:undefined disposed:false
194 silly fetch manifest pg-connection-string@^2.13.0
195 silly packumentCache full:https://registry.npmjs.org/pg-connection-string cache-miss
196 http fetch GET 200 https://registry.npmjs.org/lodash.includes 124ms (cache miss)
197 silly packumentCache full:https://registry.npmjs.org/lodash.includes set size:undefined disposed:false
198 silly fetch manifest pg-pool@^3.14.0
199 silly packumentCache full:https://registry.npmjs.org/pg-pool cache-miss
200 http fetch GET 200 https://registry.npmjs.org/lodash.isstring 115ms (cache miss)
201 silly packumentCache full:https://registry.npmjs.org/lodash.isstring set size:undefined disposed:false
202 silly fetch manifest pg-protocol@^1.14.0
203 silly packumentCache full:https://registry.npmjs.org/pg-protocol cache-miss
204 http fetch GET 200 https://registry.npmjs.org/semver 174ms (cache miss)
205 silly packumentCache full:https://registry.npmjs.org/semver set size:undefined disposed:false
206 silly fetch manifest pg-types@2.2.0
207 silly packumentCache full:https://registry.npmjs.org/pg-types cache-miss
208 http fetch GET 200 https://registry.npmjs.org/lodash.isboolean 127ms (cache miss)
209 silly packumentCache full:https://registry.npmjs.org/lodash.isboolean set size:undefined disposed:false
210 silly fetch manifest pgpass@1.0.5
211 silly packumentCache full:https://registry.npmjs.org/pgpass cache-miss
212 http fetch GET 200 https://registry.npmjs.org/lodash.isinteger 116ms (cache miss)
213 silly packumentCache full:https://registry.npmjs.org/lodash.isinteger set size:undefined disposed:false
214 silly fetch manifest pg-cloudflare@^1.4.0
215 silly packumentCache full:https://registry.npmjs.org/pg-cloudflare cache-miss
216 http fetch GET 200 https://registry.npmjs.org/lodash.isplainobject 123ms (cache miss)
217 silly packumentCache full:https://registry.npmjs.org/lodash.isplainobject set size:undefined disposed:false
218 http fetch GET 200 https://registry.npmjs.org/content-type 349ms (cache miss)
219 silly packumentCache full:https://registry.npmjs.org/content-type set size:undefined disposed:false
220 http fetch GET 200 https://registry.npmjs.org/escape-html 393ms (cache miss)
221 silly packumentCache full:https://registry.npmjs.org/escape-html set size:undefined disposed:false
222 http fetch GET 200 https://registry.npmjs.org/pg-connection-string 110ms (cache miss)
223 silly packumentCache full:https://registry.npmjs.org/pg-connection-string set size:undefined disposed:false
224 http fetch GET 200 https://registry.npmjs.org/pg-types 114ms (cache miss)
225 silly packumentCache full:https://registry.npmjs.org/pg-types set size:undefined disposed:false
226 http fetch GET 200 https://registry.npmjs.org/pg-cloudflare 107ms (cache miss)
227 silly packumentCache full:https://registry.npmjs.org/pg-cloudflare set size:undefined disposed:false
228 http fetch GET 200 https://registry.npmjs.org/jws 366ms (cache miss)
229 silly packumentCache full:https://registry.npmjs.org/jws set size:undefined disposed:false
230 http fetch GET 200 https://registry.npmjs.org/lodash.once 354ms (cache miss)
231 silly packumentCache full:https://registry.npmjs.org/lodash.once set size:undefined disposed:false
232 http fetch GET 200 https://registry.npmjs.org/pg-pool 338ms (cache miss)
233 silly packumentCache full:https://registry.npmjs.org/pg-pool set size:undefined disposed:false
234 http fetch GET 200 https://registry.npmjs.org/pg-protocol 349ms (cache miss)
235 silly packumentCache full:https://registry.npmjs.org/pg-protocol set size:undefined disposed:false
236 http fetch GET 200 https://registry.npmjs.org/pgpass 343ms (cache miss)
237 silly packumentCache full:https://registry.npmjs.org/pgpass set size:undefined disposed:false
238 silly placeDep ROOT object-assign@4.1.1 OK for: cors@2.8.6 want: ^4
239 silly placeDep ROOT vary@1.1.2 OK for: cors@2.8.6 want: ^1
240 silly placeDep ROOT accepts@2.0.0 OK for: express@5.2.1 want: ^2.0.0
241 silly placeDep ROOT body-parser@2.2.2 OK for: express@5.2.1 want: ^2.2.1
242 silly placeDep ROOT content-disposition@1.1.0 OK for: express@5.2.1 want: ^1.0.0
243 silly placeDep ROOT content-type@1.0.5 OK for: express@5.2.1 want: ^1.0.5
244 silly placeDep ROOT cookie@0.7.2 OK for: express@5.2.1 want: ^0.7.1
245 silly placeDep ROOT cookie-signature@1.2.2 OK for: express@5.2.1 want: ^1.2.1
246 silly placeDep ROOT debug@4.4.3 OK for: express@5.2.1 want: ^4.4.0
247 silly placeDep ROOT depd@2.0.0 OK for: express@5.2.1 want: ^2.0.0
248 silly placeDep ROOT encodeurl@2.0.0 OK for: express@5.2.1 want: ^2.0.0
249 silly placeDep ROOT escape-html@1.0.3 OK for: express@5.2.1 want: ^1.0.3
250 silly placeDep ROOT etag@1.8.1 OK for: express@5.2.1 want: ^1.8.1
251 silly placeDep ROOT finalhandler@2.1.1 OK for: express@5.2.1 want: ^2.1.0
252 silly placeDep ROOT fresh@2.0.0 OK for: express@5.2.1 want: ^2.0.0
253 silly placeDep ROOT http-errors@2.0.1 OK for: express@5.2.1 want: ^2.0.0
254 silly placeDep ROOT merge-descriptors@2.0.0 OK for: express@5.2.1 want: ^2.0.0
255 silly placeDep ROOT mime-types@3.0.2 OK for: express@5.2.1 want: ^3.0.0
256 silly placeDep ROOT on-finished@2.4.1 OK for: express@5.2.1 want: ^2.4.1
257 silly placeDep ROOT once@1.4.0 OK for: express@5.2.1 want: ^1.4.0
258 silly placeDep ROOT parseurl@1.3.3 OK for: express@5.2.1 want: ^1.3.3
259 silly placeDep ROOT proxy-addr@2.0.7 OK for: express@5.2.1 want: ^2.0.7
260 silly placeDep ROOT qs@6.15.2 OK for: express@5.2.1 want: ^6.14.0
261 silly placeDep ROOT range-parser@1.2.1 OK for: express@5.2.1 want: ^1.2.1
262 silly placeDep ROOT router@2.2.0 OK for: express@5.2.1 want: ^2.2.0
263 silly placeDep ROOT send@1.2.1 OK for: express@5.2.1 want: ^1.1.0
264 silly placeDep ROOT serve-static@2.2.1 OK for: express@5.2.1 want: ^2.2.0
265 silly placeDep ROOT statuses@2.0.2 OK for: express@5.2.1 want: ^2.0.1
266 silly placeDep ROOT type-is@2.1.0 OK for: express@5.2.1 want: ^2.0.1
267 silly fetch manifest negotiator@^1.0.0
268 silly packumentCache full:https://registry.npmjs.org/negotiator cache-miss
269 silly fetch manifest qs@^6.14.1
270 silly packumentCache full:https://registry.npmjs.org/qs cache-miss
271 silly fetch manifest bytes@^3.1.2
272 silly packumentCache full:https://registry.npmjs.org/bytes cache-miss
273 silly fetch manifest debug@^4.4.3
274 silly packumentCache full:https://registry.npmjs.org/debug cache-miss
275 silly fetch manifest raw-body@^3.0.1
276 silly packumentCache full:https://registry.npmjs.org/raw-body cache-miss
277 silly fetch manifest iconv-lite@^0.7.0
278 silly packumentCache full:https://registry.npmjs.org/iconv-lite cache-miss
279 silly fetch manifest ms@^2.1.3
280 silly packumentCache full:https://registry.npmjs.org/ms cache-miss
281 silly fetch manifest inherits@~2.0.4
282 silly packumentCache full:https://registry.npmjs.org/inherits cache-miss
283 silly fetch manifest setprototypeof@~1.2.0
284 silly packumentCache full:https://registry.npmjs.org/setprototypeof cache-miss
285 silly fetch manifest statuses@~2.0.2
286 silly packumentCache full:https://registry.npmjs.org/statuses cache-miss
287 silly fetch manifest toidentifier@~1.0.1
288 silly packumentCache full:https://registry.npmjs.org/toidentifier cache-miss
289 http cache https://registry.npmjs.org/qs 32ms (cache hit)
290 silly packumentCache full:https://registry.npmjs.org/qs set size:356906 disposed:false
291 silly fetch manifest mime-db@^1.54.0
292 silly packumentCache full:https://registry.npmjs.org/mime-db cache-miss
293 http cache https://registry.npmjs.org/debug 43ms (cache hit)
294 silly packumentCache full:https://registry.npmjs.org/debug set size:195840 disposed:false
295 silly fetch manifest ee-first@1.1.1
296 silly packumentCache full:https://registry.npmjs.org/ee-first cache-miss
297 http cache https://registry.npmjs.org/ms 47ms (cache hit)
298 silly packumentCache full:https://registry.npmjs.org/ms set size:92208 disposed:false
299 silly fetch manifest wrappy@1
300 silly packumentCache full:https://registry.npmjs.org/wrappy cache-miss
301 http cache https://registry.npmjs.org/statuses 46ms (cache hit)
302 silly packumentCache full:https://registry.npmjs.org/statuses set size:37117 disposed:false
303 silly fetch manifest forwarded@0.2.0
304 silly packumentCache full:https://registry.npmjs.org/forwarded cache-miss
305 http fetch GET 200 https://registry.npmjs.org/negotiator 103ms (cache miss)
306 silly packumentCache full:https://registry.npmjs.org/negotiator set size:undefined disposed:false
307 silly fetch manifest ipaddr.js@1.9.1
308 silly packumentCache full:https://registry.npmjs.org/ipaddr.js cache-miss
309 http fetch GET 200 https://registry.npmjs.org/bytes 140ms (cache miss)
310 silly packumentCache full:https://registry.npmjs.org/bytes set size:undefined disposed:false
311 silly fetch manifest side-channel@^1.1.0
312 silly packumentCache full:https://registry.npmjs.org/side-channel cache-miss
313 http fetch GET 200 https://registry.npmjs.org/toidentifier 143ms (cache miss)
314 silly packumentCache full:https://registry.npmjs.org/toidentifier set size:undefined disposed:false
315 silly fetch manifest is-promise@^4.0.0
316 silly packumentCache full:https://registry.npmjs.org/is-promise cache-miss
317 http fetch GET 200 https://registry.npmjs.org/inherits 148ms (cache miss)
318 silly packumentCache full:https://registry.npmjs.org/inherits set size:undefined disposed:false
319 silly fetch manifest path-to-regexp@^8.0.0
320 silly packumentCache full:https://registry.npmjs.org/path-to-regexp cache-miss
321 http fetch GET 200 https://registry.npmjs.org/setprototypeof 158ms (cache miss)
322 silly packumentCache full:https://registry.npmjs.org/setprototypeof set size:undefined disposed:false
323 silly fetch manifest statuses@^2.0.2
324 silly packumentCache full:https://registry.npmjs.org/statuses cache-hit
325 silly fetch manifest content-type@^2.0.0
326 silly packumentCache full:https://registry.npmjs.org/content-type cache-miss
327 http fetch GET 200 https://registry.npmjs.org/wrappy 131ms (cache miss)
328 silly packumentCache full:https://registry.npmjs.org/wrappy set size:undefined disposed:false
329 silly fetch manifest media-typer@^1.1.0
330 silly packumentCache full:https://registry.npmjs.org/media-typer cache-miss
331 http cache https://registry.npmjs.org/content-type 20ms (cache hit)
332 silly packumentCache full:https://registry.npmjs.org/content-type set size:18994 disposed:false
333 http fetch GET 200 https://registry.npmjs.org/mime-db 155ms (cache miss)
334 silly packumentCache full:https://registry.npmjs.org/mime-db set size:undefined disposed:false
335 http fetch GET 200 https://registry.npmjs.org/ee-first 148ms (cache miss)
336 silly packumentCache full:https://registry.npmjs.org/ee-first set size:undefined disposed:false
337 http fetch GET 200 https://registry.npmjs.org/forwarded 141ms (cache miss)
338 silly packumentCache full:https://registry.npmjs.org/forwarded set size:undefined disposed:false
339 http fetch GET 200 https://registry.npmjs.org/ipaddr.js 138ms (cache miss)
340 silly packumentCache full:https://registry.npmjs.org/ipaddr.js set size:undefined disposed:false
341 http fetch GET 200 https://registry.npmjs.org/side-channel 341ms (cache miss)
342 silly packumentCache full:https://registry.npmjs.org/side-channel set size:undefined disposed:false
343 http fetch GET 200 https://registry.npmjs.org/media-typer 305ms (cache miss)
344 silly packumentCache full:https://registry.npmjs.org/media-typer set size:undefined disposed:false
345 http fetch GET 200 https://registry.npmjs.org/iconv-lite 494ms (cache miss)
346 silly packumentCache full:https://registry.npmjs.org/iconv-lite set size:undefined disposed:false
347 http fetch GET 200 https://registry.npmjs.org/path-to-regexp 437ms (cache miss)
348 silly packumentCache full:https://registry.npmjs.org/path-to-regexp set size:undefined disposed:false
349 http fetch GET 200 https://registry.npmjs.org/raw-body 620ms (cache miss)
350 silly packumentCache full:https://registry.npmjs.org/raw-body set size:undefined disposed:false
351 http fetch GET 200 https://registry.npmjs.org/is-promise 490ms (cache miss)
352 silly packumentCache full:https://registry.npmjs.org/is-promise set size:undefined disposed:false
353 silly placeDep ROOT negotiator@1.0.0 OK for: accepts@2.0.0 want: ^1.0.0
354 silly placeDep ROOT bytes@3.1.2 OK for: body-parser@2.2.2 want: ^3.1.2
355 silly placeDep ROOT iconv-lite@0.7.2 OK for: body-parser@2.2.2 want: ^0.7.0
356 silly placeDep ROOT raw-body@3.0.2 OK for: body-parser@2.2.2 want: ^3.0.1
357 silly fetch manifest safer-buffer@>= 2.1.2 < 3.0.0
358 silly packumentCache full:https://registry.npmjs.org/safer-buffer cache-miss
359 silly fetch manifest unpipe@~1.0.0
360 silly packumentCache full:https://registry.npmjs.org/unpipe cache-miss
361 http fetch GET 200 https://registry.npmjs.org/safer-buffer 119ms (cache miss)
362 silly packumentCache full:https://registry.npmjs.org/safer-buffer set size:undefined disposed:false
363 http fetch GET 200 https://registry.npmjs.org/unpipe 121ms (cache miss)
364 silly packumentCache full:https://registry.npmjs.org/unpipe set size:undefined disposed:false
365 silly placeDep ROOT ms@2.1.3 OK for: debug@4.4.3 want: ^2.1.3
366 silly placeDep ROOT inherits@2.0.4 OK for: http-errors@2.0.1 want: ~2.0.4
367 silly placeDep ROOT setprototypeof@1.2.0 OK for: http-errors@2.0.1 want: ~1.2.0
368 silly placeDep ROOT toidentifier@1.0.1 OK for: http-errors@2.0.1 want: ~1.0.1
369 silly placeDep ROOT safer-buffer@2.1.2 OK for: iconv-lite@0.7.2 want: >= 2.1.2 < 3.0.0
370 silly placeDep ROOT jws@4.0.1 OK for: jsonwebtoken@9.0.3 want: ^4.0.1
371 silly placeDep ROOT lodash.includes@4.3.0 OK for: jsonwebtoken@9.0.3 want: ^4.3.0
372 silly placeDep ROOT lodash.isboolean@3.0.3 OK for: jsonwebtoken@9.0.3 want: ^3.0.3
373 silly placeDep ROOT lodash.isinteger@4.0.4 OK for: jsonwebtoken@9.0.3 want: ^4.0.4
374 silly placeDep ROOT lodash.isnumber@3.0.3 OK for: jsonwebtoken@9.0.3 want: ^3.0.3
375 silly placeDep ROOT lodash.isplainobject@4.0.6 OK for: jsonwebtoken@9.0.3 want: ^4.0.6
376 silly placeDep ROOT lodash.isstring@4.0.1 OK for: jsonwebtoken@9.0.3 want: ^4.0.1
377 silly placeDep ROOT lodash.once@4.1.1 OK for: jsonwebtoken@9.0.3 want: ^4.0.0
378 silly placeDep ROOT semver@7.8.4 OK for: jsonwebtoken@9.0.3 want: ^7.5.4
379 silly fetch manifest jwa@^2.0.1
380 silly packumentCache full:https://registry.npmjs.org/jwa cache-miss
381 silly fetch manifest safe-buffer@^5.0.1
382 silly packumentCache full:https://registry.npmjs.org/safe-buffer cache-miss
383 http fetch GET 200 https://registry.npmjs.org/safe-buffer 97ms (cache miss)
384 silly packumentCache full:https://registry.npmjs.org/safe-buffer set size:undefined disposed:false
385 http fetch GET 200 https://registry.npmjs.org/jwa 465ms (cache miss)
386 silly packumentCache full:https://registry.npmjs.org/jwa set size:undefined disposed:false
387 silly placeDep ROOT jwa@2.0.1 OK for: jws@4.0.1 want: ^2.0.1
388 silly placeDep ROOT safe-buffer@5.2.1 OK for: jws@4.0.1 want: ^5.0.1
389 silly fetch manifest ecdsa-sig-formatter@1.0.11
390 silly packumentCache full:https://registry.npmjs.org/ecdsa-sig-formatter cache-miss
391 silly fetch manifest buffer-equal-constant-time@^1.0.1
392 silly packumentCache full:https://registry.npmjs.org/buffer-equal-constant-time cache-miss
393 http fetch GET 200 https://registry.npmjs.org/buffer-equal-constant-time 160ms (cache miss)
394 silly packumentCache full:https://registry.npmjs.org/buffer-equal-constant-time set size:undefined disposed:false
395 http fetch GET 200 https://registry.npmjs.org/ecdsa-sig-formatter 166ms (cache miss)
396 silly packumentCache full:https://registry.npmjs.org/ecdsa-sig-formatter set size:undefined disposed:false
397 silly placeDep ROOT buffer-equal-constant-time@1.0.1 OK for: jwa@2.0.1 want: ^1.0.1
398 silly placeDep ROOT ecdsa-sig-formatter@1.0.11 OK for: jwa@2.0.1 want: 1.0.11
399 silly placeDep ROOT mime-db@1.54.0 OK for: mime-types@3.0.2 want: ^1.54.0
400 silly placeDep ROOT ee-first@1.1.1 OK for: on-finished@2.4.1 want: 1.1.1
401 silly placeDep ROOT wrappy@1.0.2 OK for: once@1.4.0 want: 1
402 silly fetch manifest pg@>=8.0
403 silly packumentCache full:https://registry.npmjs.org/pg cache-miss
404 http cache https://registry.npmjs.org/pg 12ms (cache hit)
405 silly packumentCache full:https://registry.npmjs.org/pg set size:477609 disposed:false
406 silly placeDep ROOT pg-cloudflare@1.4.0 OK for: pg@8.21.0 want: ^1.4.0
407 silly placeDep ROOT pg-connection-string@2.13.0 OK for: pg@8.21.0 want: ^2.13.0
408 silly placeDep ROOT pg-pool@3.14.0 OK for: pg@8.21.0 want: ^3.14.0
409 silly placeDep ROOT pg-protocol@1.14.0 OK for: pg@8.21.0 want: ^1.14.0
410 silly placeDep ROOT pg-types@2.2.0 OK for: pg@8.21.0 want: 2.2.0
411 silly placeDep ROOT pgpass@1.0.5 OK for: pg@8.21.0 want: 1.0.5
412 silly fetch manifest pg-int8@1.0.1
413 silly packumentCache full:https://registry.npmjs.org/pg-int8 cache-miss
414 silly fetch manifest postgres-date@~1.0.4
415 silly packumentCache full:https://registry.npmjs.org/postgres-date cache-miss
416 silly fetch manifest postgres-array@~2.0.0
417 silly packumentCache full:https://registry.npmjs.org/postgres-array cache-miss
418 silly fetch manifest postgres-bytea@~1.0.0
419 silly packumentCache full:https://registry.npmjs.org/postgres-bytea cache-miss
420 silly fetch manifest postgres-interval@^1.1.0
421 silly packumentCache full:https://registry.npmjs.org/postgres-interval cache-miss
422 silly fetch manifest split2@^4.1.0
423 silly packumentCache full:https://registry.npmjs.org/split2 cache-miss
424 http fetch GET 200 https://registry.npmjs.org/pg-int8 132ms (cache miss)
425 silly packumentCache full:https://registry.npmjs.org/pg-int8 set size:undefined disposed:false
426 http fetch GET 200 https://registry.npmjs.org/postgres-bytea 356ms (cache miss)
427 silly packumentCache full:https://registry.npmjs.org/postgres-bytea set size:undefined disposed:false
428 http fetch GET 200 https://registry.npmjs.org/postgres-date 455ms (cache miss)
429 silly packumentCache full:https://registry.npmjs.org/postgres-date set size:undefined disposed:false
430 http fetch GET 200 https://registry.npmjs.org/split2 456ms (cache miss)
431 silly packumentCache full:https://registry.npmjs.org/split2 set size:undefined disposed:false
432 http fetch GET 200 https://registry.npmjs.org/postgres-interval 461ms (cache miss)
433 silly packumentCache full:https://registry.npmjs.org/postgres-interval set size:undefined disposed:false
434 http fetch GET 200 https://registry.npmjs.org/postgres-array 537ms (cache miss)
435 silly packumentCache full:https://registry.npmjs.org/postgres-array set size:undefined disposed:false
436 silly placeDep ROOT pg-int8@1.0.1 OK for: pg-types@2.2.0 want: 1.0.1
437 silly placeDep ROOT postgres-array@2.0.0 OK for: pg-types@2.2.0 want: ~2.0.0
438 silly placeDep ROOT postgres-bytea@1.0.1 OK for: pg-types@2.2.0 want: ~1.0.0
439 silly placeDep ROOT postgres-date@1.0.7 OK for: pg-types@2.2.0 want: ~1.0.4
440 silly placeDep ROOT postgres-interval@1.2.0 OK for: pg-types@2.2.0 want: ^1.1.0
441 silly fetch manifest xtend@^4.0.0
442 silly packumentCache full:https://registry.npmjs.org/xtend cache-miss
443 http fetch GET 200 https://registry.npmjs.org/xtend 368ms (cache miss)
444 silly packumentCache full:https://registry.npmjs.org/xtend set size:undefined disposed:false
445 silly placeDep ROOT split2@4.2.0 OK for: pgpass@1.0.5 want: ^4.1.0
446 silly placeDep ROOT xtend@4.0.2 OK for: postgres-interval@1.2.0 want: ^4.0.0
447 silly placeDep ROOT forwarded@0.2.0 OK for: proxy-addr@2.0.7 want: 0.2.0
448 silly placeDep ROOT ipaddr.js@1.9.1 OK for: proxy-addr@2.0.7 want: 1.9.1
449 silly placeDep ROOT side-channel@1.1.1 OK for: qs@6.15.2 want: ^1.1.0
450 silly fetch manifest es-errors@^1.3.0
451 silly packumentCache full:https://registry.npmjs.org/es-errors cache-miss
452 silly fetch manifest object-inspect@^1.13.4
453 silly packumentCache full:https://registry.npmjs.org/object-inspect cache-miss
454 silly fetch manifest side-channel-list@^1.0.1
455 silly packumentCache full:https://registry.npmjs.org/side-channel-list cache-miss
456 silly fetch manifest side-channel-map@^1.0.1
457 silly packumentCache full:https://registry.npmjs.org/side-channel-map cache-miss
458 silly fetch manifest side-channel-weakmap@^1.0.2
459 silly packumentCache full:https://registry.npmjs.org/side-channel-weakmap cache-miss
460 http fetch GET 200 https://registry.npmjs.org/side-channel-map 118ms (cache miss)
461 silly packumentCache full:https://registry.npmjs.org/side-channel-map set size:undefined disposed:false
462 http fetch GET 200 https://registry.npmjs.org/side-channel-list 123ms (cache miss)
463 silly packumentCache full:https://registry.npmjs.org/side-channel-list set size:undefined disposed:false
464 http fetch GET 200 https://registry.npmjs.org/side-channel-weakmap 125ms (cache miss)
465 silly packumentCache full:https://registry.npmjs.org/side-channel-weakmap set size:undefined disposed:false
466 http fetch GET 200 https://registry.npmjs.org/es-errors 133ms (cache miss)
467 silly packumentCache full:https://registry.npmjs.org/es-errors set size:undefined disposed:false
468 http fetch GET 200 https://registry.npmjs.org/object-inspect 141ms (cache miss)
469 silly packumentCache full:https://registry.npmjs.org/object-inspect set size:undefined disposed:false
470 silly placeDep ROOT unpipe@1.0.0 OK for: raw-body@3.0.2 want: ~1.0.0
471 silly placeDep ROOT is-promise@4.0.0 OK for: router@2.2.0 want: ^4.0.0
472 silly placeDep ROOT path-to-regexp@8.4.2 OK for: router@2.2.0 want: ^8.0.0
473 silly placeDep ROOT es-errors@1.3.0 OK for: side-channel@1.1.1 want: ^1.3.0
474 silly placeDep ROOT object-inspect@1.13.4 OK for: side-channel@1.1.1 want: ^1.13.4
475 silly placeDep ROOT side-channel-list@1.0.1 OK for: side-channel@1.1.1 want: ^1.0.1
476 silly placeDep ROOT side-channel-map@1.0.1 OK for: side-channel@1.1.1 want: ^1.0.1
477 silly placeDep ROOT side-channel-weakmap@1.0.2 OK for: side-channel@1.1.1 want: ^1.0.2
478 silly fetch manifest call-bound@^1.0.2
479 silly packumentCache full:https://registry.npmjs.org/call-bound cache-miss
480 silly fetch manifest get-intrinsic@^1.2.5
481 silly packumentCache full:https://registry.npmjs.org/get-intrinsic cache-miss
482 silly fetch manifest call-bound@^1.0.2
483 silly packumentCache full:https://registry.npmjs.org/call-bound cache-miss
484 silly fetch manifest get-intrinsic@^1.2.5
485 silly packumentCache full:https://registry.npmjs.org/get-intrinsic cache-miss
486 http fetch GET 200 https://registry.npmjs.org/call-bound 105ms (cache miss)
487 silly packumentCache full:https://registry.npmjs.org/call-bound set size:undefined disposed:false
488 http fetch GET 200 https://registry.npmjs.org/call-bound 108ms (cache miss)
489 silly packumentCache full:https://registry.npmjs.org/call-bound set size:undefined disposed:false
490 http fetch GET 200 https://registry.npmjs.org/get-intrinsic 109ms (cache miss)
491 silly packumentCache full:https://registry.npmjs.org/get-intrinsic set size:undefined disposed:false
492 http fetch GET 200 https://registry.npmjs.org/get-intrinsic 127ms (cache miss)
493 silly packumentCache full:https://registry.npmjs.org/get-intrinsic set size:undefined disposed:false
494 silly placeDep ROOT call-bound@1.0.4 OK for: side-channel-map@1.0.1 want: ^1.0.2
495 silly placeDep ROOT get-intrinsic@1.3.0 OK for: side-channel-map@1.0.1 want: ^1.2.5
496 silly fetch manifest call-bind-apply-helpers@^1.0.2
497 silly packumentCache full:https://registry.npmjs.org/call-bind-apply-helpers cache-miss
498 silly fetch manifest get-intrinsic@^1.3.0
499 silly packumentCache full:https://registry.npmjs.org/get-intrinsic cache-miss
500 silly fetch manifest gopd@^1.2.0
501 silly packumentCache full:https://registry.npmjs.org/gopd cache-miss
502 silly fetch manifest hasown@^2.0.2
503 silly packumentCache full:https://registry.npmjs.org/hasown cache-miss
504 silly fetch manifest get-proto@^1.0.1
505 silly packumentCache full:https://registry.npmjs.org/get-proto cache-miss
506 silly fetch manifest has-symbols@^1.1.0
507 silly packumentCache full:https://registry.npmjs.org/has-symbols cache-miss
508 silly fetch manifest function-bind@^1.1.2
509 silly packumentCache full:https://registry.npmjs.org/function-bind cache-miss
510 silly fetch manifest es-object-atoms@^1.1.1
511 silly packumentCache full:https://registry.npmjs.org/es-object-atoms cache-miss
512 silly fetch manifest math-intrinsics@^1.1.0
513 silly packumentCache full:https://registry.npmjs.org/math-intrinsics cache-miss
514 silly fetch manifest es-define-property@^1.0.1
515 silly packumentCache full:https://registry.npmjs.org/es-define-property cache-miss
516 silly fetch manifest call-bind-apply-helpers@^1.0.2
517 silly packumentCache full:https://registry.npmjs.org/call-bind-apply-helpers cache-miss
518 http cache https://registry.npmjs.org/get-intrinsic 21ms (cache hit)
519 silly packumentCache full:https://registry.npmjs.org/get-intrinsic set size:60985 disposed:false
520 http fetch GET 200 https://registry.npmjs.org/call-bind-apply-helpers 117ms (cache miss)
521 silly packumentCache full:https://registry.npmjs.org/call-bind-apply-helpers set size:undefined disposed:false
522 http fetch GET 200 https://registry.npmjs.org/es-object-atoms 115ms (cache miss)
523 silly packumentCache full:https://registry.npmjs.org/es-object-atoms set size:undefined disposed:false
524 http fetch GET 200 https://registry.npmjs.org/hasown 123ms (cache miss)
525 silly packumentCache full:https://registry.npmjs.org/hasown set size:undefined disposed:false
526 http fetch GET 200 https://registry.npmjs.org/function-bind 122ms (cache miss)
527 silly packumentCache full:https://registry.npmjs.org/function-bind set size:undefined disposed:false
528 http fetch GET 200 https://registry.npmjs.org/call-bind-apply-helpers 149ms (cache miss)
529 silly packumentCache full:https://registry.npmjs.org/call-bind-apply-helpers set size:undefined disposed:false
530 http fetch GET 200 https://registry.npmjs.org/get-proto 158ms (cache miss)
531 silly packumentCache full:https://registry.npmjs.org/get-proto set size:undefined disposed:false
532 http fetch GET 200 https://registry.npmjs.org/has-symbols 160ms (cache miss)
533 silly packumentCache full:https://registry.npmjs.org/has-symbols set size:undefined disposed:false
534 http fetch GET 200 https://registry.npmjs.org/gopd 167ms (cache miss)
535 silly packumentCache full:https://registry.npmjs.org/gopd set size:undefined disposed:false
536 http fetch GET 200 https://registry.npmjs.org/es-define-property 163ms (cache miss)
537 silly packumentCache full:https://registry.npmjs.org/es-define-property set size:undefined disposed:false
538 http fetch GET 200 https://registry.npmjs.org/math-intrinsics 499ms (cache miss)
539 silly packumentCache full:https://registry.npmjs.org/math-intrinsics set size:undefined disposed:false
540 silly placeDep ROOT call-bind-apply-helpers@1.0.2 OK for: call-bound@1.0.4 want: ^1.0.2
541 silly placeDep ROOT function-bind@1.1.2 OK for: call-bind-apply-helpers@1.0.2 want: ^1.1.2
542 silly placeDep ROOT es-define-property@1.0.1 OK for: get-intrinsic@1.3.0 want: ^1.0.1
543 silly placeDep ROOT es-object-atoms@1.1.2 OK for: get-intrinsic@1.3.0 want: ^1.1.1
544 silly placeDep ROOT get-proto@1.0.1 OK for: get-intrinsic@1.3.0 want: ^1.0.1
545 silly placeDep ROOT gopd@1.2.0 OK for: get-intrinsic@1.3.0 want: ^1.2.0
546 silly placeDep ROOT has-symbols@1.1.0 OK for: get-intrinsic@1.3.0 want: ^1.1.0
547 silly placeDep ROOT hasown@2.0.4 OK for: get-intrinsic@1.3.0 want: ^2.0.2
548 silly placeDep ROOT math-intrinsics@1.1.0 OK for: get-intrinsic@1.3.0 want: ^1.1.0
549 silly fetch manifest dunder-proto@^1.0.1
550 silly packumentCache full:https://registry.npmjs.org/dunder-proto cache-miss
551 http fetch GET 200 https://registry.npmjs.org/dunder-proto 111ms (cache miss)
552 silly packumentCache full:https://registry.npmjs.org/dunder-proto set size:undefined disposed:false
553 silly placeDep ROOT dunder-proto@1.0.1 OK for: get-proto@1.0.1 want: ^1.0.1
554 silly placeDep node_modules/type-is content-type@2.0.0 OK for: type-is@2.1.0 want: ^2.0.0
555 silly placeDep ROOT media-typer@1.1.0 OK for: type-is@2.1.0 want: ^1.1.0
556 silly reify moves {}
557 silly audit bulk request {
557 silly audit   bcryptjs: [ '3.0.3' ],
557 silly audit   cors: [ '2.8.6' ],
557 silly audit   dotenv: [ '17.4.2' ],
557 silly audit   express: [ '5.2.1' ],
557 silly audit   jsonwebtoken: [ '9.0.3' ],
557 silly audit   pg: [ '8.21.0' ],
557 silly audit   zod: [ '4.4.3' ],
557 silly audit   'object-assign': [ '4.1.1' ],
557 silly audit   vary: [ '1.1.2' ],
557 silly audit   accepts: [ '2.0.0' ],
557 silly audit   'body-parser': [ '2.2.2' ],
557 silly audit   'content-disposition': [ '1.1.0' ],
557 silly audit   'content-type': [ '1.0.5', '2.0.0' ],
557 silly audit   cookie: [ '0.7.2' ],
557 silly audit   'cookie-signature': [ '1.2.2' ],
557 silly audit   debug: [ '4.4.3' ],
557 silly audit   depd: [ '2.0.0' ],
557 silly audit   encodeurl: [ '2.0.0' ],
557 silly audit   'escape-html': [ '1.0.3' ],
557 silly audit   etag: [ '1.8.1' ],
557 silly audit   finalhandler: [ '2.1.1' ],
557 silly audit   fresh: [ '2.0.0' ],
557 silly audit   'http-errors': [ '2.0.1' ],
557 silly audit   'merge-descriptors': [ '2.0.0' ],
557 silly audit   'mime-types': [ '3.0.2' ],
557 silly audit   'on-finished': [ '2.4.1' ],
557 silly audit   once: [ '1.4.0' ],
557 silly audit   parseurl: [ '1.3.3' ],
557 silly audit   'proxy-addr': [ '2.0.7' ],
557 silly audit   qs: [ '6.15.2' ],
557 silly audit   'range-parser': [ '1.2.1' ],
557 silly audit   router: [ '2.2.0' ],
557 silly audit   send: [ '1.2.1' ],
557 silly audit   'serve-static': [ '2.2.1' ],
557 silly audit   statuses: [ '2.0.2' ],
557 silly audit   'type-is': [ '2.1.0' ],
557 silly audit   negotiator: [ '1.0.0' ],
557 silly audit   bytes: [ '3.1.2' ],
557 silly audit   'iconv-lite': [ '0.7.2' ],
557 silly audit   'raw-body': [ '3.0.2' ],
557 silly audit   ms: [ '2.1.3' ],
557 silly audit   inherits: [ '2.0.4' ],
557 silly audit   setprototypeof: [ '1.2.0' ],
557 silly audit   toidentifier: [ '1.0.1' ],
557 silly audit   'safer-buffer': [ '2.1.2' ],
557 silly audit   jws: [ '4.0.1' ],
557 silly audit   'lodash.includes': [ '4.3.0' ],
557 silly audit   'lodash.isboolean': [ '3.0.3' ],
557 silly audit   'lodash.isinteger': [ '4.0.4' ],
557 silly audit   'lodash.isnumber': [ '3.0.3' ],
557 silly audit   'lodash.isplainobject': [ '4.0.6' ],
557 silly audit   'lodash.isstring': [ '4.0.1' ],
557 silly audit   'lodash.once': [ '4.1.1' ],
557 silly audit   semver: [ '7.8.4' ],
557 silly audit   jwa: [ '2.0.1' ],
557 silly audit   'safe-buffer': [ '5.2.1' ],
557 silly audit   'buffer-equal-constant-time': [ '1.0.1' ],
557 silly audit   'ecdsa-sig-formatter': [ '1.0.11' ],
557 silly audit   'mime-db': [ '1.54.0' ],
557 silly audit   'ee-first': [ '1.1.1' ],
557 silly audit   wrappy: [ '1.0.2' ],
557 silly audit   'pg-cloudflare': [ '1.4.0' ],
557 silly audit   'pg-connection-string': [ '2.13.0' ],
557 silly audit   'pg-pool': [ '3.14.0' ],
557 silly audit   'pg-protocol': [ '1.14.0' ],
557 silly audit   'pg-types': [ '2.2.0' ],
557 silly audit   pgpass: [ '1.0.5' ],
557 silly audit   'pg-int8': [ '1.0.1' ],
557 silly audit   'postgres-array': [ '2.0.0' ],
557 silly audit   'postgres-bytea': [ '1.0.1' ],
557 silly audit   'postgres-date': [ '1.0.7' ],
557 silly audit   'postgres-interval': [ '1.2.0' ],
557 silly audit   split2: [ '4.2.0' ],
557 silly audit   xtend: [ '4.0.2' ],
557 silly audit   forwarded: [ '0.2.0' ],
557 silly audit   'ipaddr.js': [ '1.9.1' ],
557 silly audit   'side-channel': [ '1.1.1' ],
557 silly audit   unpipe: [ '1.0.0' ],
557 silly audit   'is-promise': [ '4.0.0' ],
557 silly audit   'path-to-regexp': [ '8.4.2' ],
557 silly audit   'es-errors': [ '1.3.0' ],
557 silly audit   'object-inspect': [ '1.13.4' ],
557 silly audit   'side-channel-list': [ '1.0.1' ],
557 silly audit   'side-channel-map': [ '1.0.1' ],
557 silly audit   'side-channel-weakmap': [ '1.0.2' ],
557 silly audit   'call-bound': [ '1.0.4' ],
557 silly audit   'get-intrinsic': [ '1.3.0' ],
557 silly audit   'call-bind-apply-helpers': [ '1.0.2' ],
557 silly audit   'function-bind': [ '1.1.2' ],
557 silly audit   'es-define-property': [ '1.0.1' ],
557 silly audit   'es-object-atoms': [ '1.1.2' ],
557 silly audit   'get-proto': [ '1.0.1' ],
557 silly audit   gopd: [ '1.2.0' ],
557 silly audit   'has-symbols': [ '1.1.0' ],
557 silly audit   hasown: [ '2.0.4' ],
557 silly audit   'math-intrinsics': [ '1.1.0' ],
557 silly audit   'dunder-proto': [ '1.0.1' ],
557 silly audit   'media-typer': [ '1.1.0' ]
557 silly audit }
558 http cache media-typer@https://registry.npmjs.org/media-typer/-/media-typer-1.1.0.tgz 0ms (cache hit)
559 http cache dunder-proto@https://registry.npmjs.org/dunder-proto/-/dunder-proto-1.0.1.tgz 0ms (cache hit)
560 http cache math-intrinsics@https://registry.npmjs.org/math-intrinsics/-/math-intrinsics-1.1.0.tgz 0ms (cache hit)
561 http cache has-symbols@https://registry.npmjs.org/has-symbols/-/has-symbols-1.1.0.tgz 0ms (cache hit)
562 http cache hasown@https://registry.npmjs.org/hasown/-/hasown-2.0.4.tgz 0ms (cache hit)
563 http cache gopd@https://registry.npmjs.org/gopd/-/gopd-1.2.0.tgz 0ms (cache hit)
564 http cache get-proto@https://registry.npmjs.org/get-proto/-/get-proto-1.0.1.tgz 0ms (cache hit)
565 http cache es-define-property@https://registry.npmjs.org/es-define-property/-/es-define-property-1.0.1.tgz 0ms (cache hit)
566 http cache es-object-atoms@https://registry.npmjs.org/es-object-atoms/-/es-object-atoms-1.1.2.tgz 0ms (cache hit)
567 http cache function-bind@https://registry.npmjs.org/function-bind/-/function-bind-1.1.2.tgz 0ms (cache hit)
568 http cache call-bind-apply-helpers@https://registry.npmjs.org/call-bind-apply-helpers/-/call-bind-apply-helpers-1.0.2.tgz 0ms (cache hit)
569 http cache call-bound@https://registry.npmjs.org/call-bound/-/call-bound-1.0.4.tgz 0ms (cache hit)
570 http cache get-intrinsic@https://registry.npmjs.org/get-intrinsic/-/get-intrinsic-1.3.0.tgz 0ms (cache hit)
571 http cache side-channel-map@https://registry.npmjs.org/side-channel-map/-/side-channel-map-1.0.1.tgz 0ms (cache hit)
572 http cache side-channel-list@https://registry.npmjs.org/side-channel-list/-/side-channel-list-1.0.1.tgz 0ms (cache hit)
573 http cache object-inspect@https://registry.npmjs.org/object-inspect/-/object-inspect-1.13.4.tgz 0ms (cache hit)
574 http cache es-errors@https://registry.npmjs.org/es-errors/-/es-errors-1.3.0.tgz 0ms (cache hit)
575 http cache path-to-regexp@https://registry.npmjs.org/path-to-regexp/-/path-to-regexp-8.4.2.tgz 0ms (cache hit)
576 http cache is-promise@https://registry.npmjs.org/is-promise/-/is-promise-4.0.0.tgz 0ms (cache hit)
577 http cache unpipe@https://registry.npmjs.org/unpipe/-/unpipe-1.0.0.tgz 0ms (cache hit)
578 http cache side-channel@https://registry.npmjs.org/side-channel/-/side-channel-1.1.1.tgz 0ms (cache hit)
579 http cache ipaddr.js@https://registry.npmjs.org/ipaddr.js/-/ipaddr.js-1.9.1.tgz 0ms (cache hit)
580 http cache forwarded@https://registry.npmjs.org/forwarded/-/forwarded-0.2.0.tgz 0ms (cache hit)
581 http cache split2@https://registry.npmjs.org/split2/-/split2-4.2.0.tgz 0ms (cache hit)
582 http cache xtend@https://registry.npmjs.org/xtend/-/xtend-4.0.2.tgz 0ms (cache hit)
583 http cache postgres-date@https://registry.npmjs.org/postgres-date/-/postgres-date-1.0.7.tgz 0ms (cache hit)
584 http cache side-channel-weakmap@https://registry.npmjs.org/side-channel-weakmap/-/side-channel-weakmap-1.0.2.tgz 0ms (cache hit)
585 http cache postgres-interval@https://registry.npmjs.org/postgres-interval/-/postgres-interval-1.2.0.tgz 0ms (cache hit)
586 http cache pg-int8@https://registry.npmjs.org/pg-int8/-/pg-int8-1.0.1.tgz 0ms (cache hit)
587 http cache postgres-bytea@https://registry.npmjs.org/postgres-bytea/-/postgres-bytea-1.0.1.tgz 0ms (cache hit)
588 http cache pgpass@https://registry.npmjs.org/pgpass/-/pgpass-1.0.5.tgz 0ms (cache hit)
589 http cache pg-types@https://registry.npmjs.org/pg-types/-/pg-types-2.2.0.tgz 0ms (cache hit)
590 http cache postgres-array@https://registry.npmjs.org/postgres-array/-/postgres-array-2.0.0.tgz 0ms (cache hit)
591 http cache pg-pool@https://registry.npmjs.org/pg-pool/-/pg-pool-3.14.0.tgz 0ms (cache hit)
592 http cache pg-protocol@https://registry.npmjs.org/pg-protocol/-/pg-protocol-1.14.0.tgz 0ms (cache hit)
593 http cache pg-cloudflare@https://registry.npmjs.org/pg-cloudflare/-/pg-cloudflare-1.4.0.tgz 0ms (cache hit)
594 http cache pg-connection-string@https://registry.npmjs.org/pg-connection-string/-/pg-connection-string-2.13.0.tgz 0ms (cache hit)
595 http cache mime-db@https://registry.npmjs.org/mime-db/-/mime-db-1.54.0.tgz 0ms (cache hit)
596 http cache ecdsa-sig-formatter@https://registry.npmjs.org/ecdsa-sig-formatter/-/ecdsa-sig-formatter-1.0.11.tgz 0ms (cache hit)
597 http cache ee-first@https://registry.npmjs.org/ee-first/-/ee-first-1.1.1.tgz 0ms (cache hit)
598 http cache safe-buffer@https://registry.npmjs.org/safe-buffer/-/safe-buffer-5.2.1.tgz 0ms (cache hit)
599 http cache buffer-equal-constant-time@https://registry.npmjs.org/buffer-equal-constant-time/-/buffer-equal-constant-time-1.0.1.tgz 0ms (cache hit)
600 http cache semver@https://registry.npmjs.org/semver/-/semver-7.8.4.tgz 0ms (cache hit)
601 http cache wrappy@https://registry.npmjs.org/wrappy/-/wrappy-1.0.2.tgz 0ms (cache hit)
602 http cache jwa@https://registry.npmjs.org/jwa/-/jwa-2.0.1.tgz 0ms (cache hit)
603 http cache lodash.once@https://registry.npmjs.org/lodash.once/-/lodash.once-4.1.1.tgz 0ms (cache hit)
604 http cache lodash.isstring@https://registry.npmjs.org/lodash.isstring/-/lodash.isstring-4.0.1.tgz 0ms (cache hit)
605 http cache lodash.isplainobject@https://registry.npmjs.org/lodash.isplainobject/-/lodash.isplainobject-4.0.6.tgz 0ms (cache hit)
606 http cache lodash.isnumber@https://registry.npmjs.org/lodash.isnumber/-/lodash.isnumber-3.0.3.tgz 0ms (cache hit)
607 http cache lodash.isboolean@https://registry.npmjs.org/lodash.isboolean/-/lodash.isboolean-3.0.3.tgz 0ms (cache hit)
608 http cache lodash.isinteger@https://registry.npmjs.org/lodash.isinteger/-/lodash.isinteger-4.0.4.tgz 0ms (cache hit)
609 http cache lodash.includes@https://registry.npmjs.org/lodash.includes/-/lodash.includes-4.3.0.tgz 0ms (cache hit)
610 http cache jws@https://registry.npmjs.org/jws/-/jws-4.0.1.tgz 0ms (cache hit)
611 http cache safer-buffer@https://registry.npmjs.org/safer-buffer/-/safer-buffer-2.1.2.tgz 0ms (cache hit)
612 http cache setprototypeof@https://registry.npmjs.org/setprototypeof/-/setprototypeof-1.2.0.tgz 0ms (cache hit)
613 http cache ms@https://registry.npmjs.org/ms/-/ms-2.1.3.tgz 0ms (cache hit)
614 http cache toidentifier@https://registry.npmjs.org/toidentifier/-/toidentifier-1.0.1.tgz 0ms (cache hit)
615 http cache raw-body@https://registry.npmjs.org/raw-body/-/raw-body-3.0.2.tgz 0ms (cache hit)
616 http cache iconv-lite@https://registry.npmjs.org/iconv-lite/-/iconv-lite-0.7.2.tgz 0ms (cache hit)
617 http cache type-is@https://registry.npmjs.org/type-is/-/type-is-2.1.0.tgz 0ms (cache hit)
618 http cache negotiator@https://registry.npmjs.org/negotiator/-/negotiator-1.0.0.tgz 0ms (cache hit)
619 http cache statuses@https://registry.npmjs.org/statuses/-/statuses-2.0.2.tgz 0ms (cache hit)
620 http cache bytes@https://registry.npmjs.org/bytes/-/bytes-3.1.2.tgz 0ms (cache hit)
621 http cache serve-static@https://registry.npmjs.org/serve-static/-/serve-static-2.2.1.tgz 0ms (cache hit)
622 http cache send@https://registry.npmjs.org/send/-/send-1.2.1.tgz 0ms (cache hit)
623 http cache router@https://registry.npmjs.org/router/-/router-2.2.0.tgz 0ms (cache hit)
624 http cache range-parser@https://registry.npmjs.org/range-parser/-/range-parser-1.2.1.tgz 0ms (cache hit)
625 http cache qs@https://registry.npmjs.org/qs/-/qs-6.15.2.tgz 0ms (cache hit)
626 http cache proxy-addr@https://registry.npmjs.org/proxy-addr/-/proxy-addr-2.0.7.tgz 0ms (cache hit)
627 http cache once@https://registry.npmjs.org/once/-/once-1.4.0.tgz 0ms (cache hit)
628 http cache on-finished@https://registry.npmjs.org/on-finished/-/on-finished-2.4.1.tgz 0ms (cache hit)
629 http cache parseurl@https://registry.npmjs.org/parseurl/-/parseurl-1.3.3.tgz 0ms (cache hit)
630 http cache mime-types@https://registry.npmjs.org/mime-types/-/mime-types-3.0.2.tgz 0ms (cache hit)
631 http cache merge-descriptors@https://registry.npmjs.org/merge-descriptors/-/merge-descriptors-2.0.0.tgz 0ms (cache hit)
632 http cache fresh@https://registry.npmjs.org/fresh/-/fresh-2.0.0.tgz 0ms (cache hit)
633 http cache finalhandler@https://registry.npmjs.org/finalhandler/-/finalhandler-2.1.1.tgz 0ms (cache hit)
634 http cache etag@https://registry.npmjs.org/etag/-/etag-1.8.1.tgz 0ms (cache hit)
635 http cache escape-html@https://registry.npmjs.org/escape-html/-/escape-html-1.0.3.tgz 0ms (cache hit)
636 http cache http-errors@https://registry.npmjs.org/http-errors/-/http-errors-2.0.1.tgz 0ms (cache hit)
637 http cache encodeurl@https://registry.npmjs.org/encodeurl/-/encodeurl-2.0.0.tgz 0ms (cache hit)
638 http cache cookie-signature@https://registry.npmjs.org/cookie-signature/-/cookie-signature-1.2.2.tgz 0ms (cache hit)
639 http cache depd@https://registry.npmjs.org/depd/-/depd-2.0.0.tgz 0ms (cache hit)
640 http cache debug@https://registry.npmjs.org/debug/-/debug-4.4.3.tgz 0ms (cache hit)
641 http cache cookie@https://registry.npmjs.org/cookie/-/cookie-0.7.2.tgz 0ms (cache hit)
642 http cache content-type@https://registry.npmjs.org/content-type/-/content-type-1.0.5.tgz 0ms (cache hit)
643 http cache body-parser@https://registry.npmjs.org/body-parser/-/body-parser-2.2.2.tgz 0ms (cache hit)
644 http cache content-disposition@https://registry.npmjs.org/content-disposition/-/content-disposition-1.1.0.tgz 0ms (cache hit)
645 http cache accepts@https://registry.npmjs.org/accepts/-/accepts-2.0.0.tgz 0ms (cache hit)
646 http cache object-assign@https://registry.npmjs.org/object-assign/-/object-assign-4.1.1.tgz 0ms (cache hit)
647 http cache zod@https://registry.npmjs.org/zod/-/zod-4.4.3.tgz 0ms (cache hit)
648 http cache vary@https://registry.npmjs.org/vary/-/vary-1.1.2.tgz 0ms (cache hit)
649 http cache pg@https://registry.npmjs.org/pg/-/pg-8.21.0.tgz 0ms (cache hit)
650 http cache dotenv@https://registry.npmjs.org/dotenv/-/dotenv-17.4.2.tgz 0ms (cache hit)
651 http cache express@https://registry.npmjs.org/express/-/express-5.2.1.tgz 0ms (cache hit)
652 http cache inherits@https://registry.npmjs.org/inherits/-/inherits-2.0.4.tgz 0ms (cache hit)
653 http cache jsonwebtoken@https://registry.npmjs.org/jsonwebtoken/-/jsonwebtoken-9.0.3.tgz 0ms (cache hit)
654 silly tarball no local data for media-typer@https://registry.npmjs.org/media-typer/-/media-typer-1.1.0.tgz. Extracting by manifest.
655 silly tarball no local data for dunder-proto@https://registry.npmjs.org/dunder-proto/-/dunder-proto-1.0.1.tgz. Extracting by manifest.
656 silly tarball no local data for math-intrinsics@https://registry.npmjs.org/math-intrinsics/-/math-intrinsics-1.1.0.tgz. Extracting by manifest.
657 silly tarball no local data for has-symbols@https://registry.npmjs.org/has-symbols/-/has-symbols-1.1.0.tgz. Extracting by manifest.
658 silly tarball no local data for hasown@https://registry.npmjs.org/hasown/-/hasown-2.0.4.tgz. Extracting by manifest.
659 silly tarball no local data for gopd@https://registry.npmjs.org/gopd/-/gopd-1.2.0.tgz. Extracting by manifest.
660 http cache content-type@https://registry.npmjs.org/content-type/-/content-type-2.0.0.tgz 0ms (cache hit)
661 silly tarball no local data for get-proto@https://registry.npmjs.org/get-proto/-/get-proto-1.0.1.tgz. Extracting by manifest.
662 silly tarball no local data for es-define-property@https://registry.npmjs.org/es-define-property/-/es-define-property-1.0.1.tgz. Extracting by manifest.
663 silly tarball no local data for es-object-atoms@https://registry.npmjs.org/es-object-atoms/-/es-object-atoms-1.1.2.tgz. Extracting by manifest.
664 silly tarball no local data for function-bind@https://registry.npmjs.org/function-bind/-/function-bind-1.1.2.tgz. Extracting by manifest.
665 silly tarball no local data for call-bind-apply-helpers@https://registry.npmjs.org/call-bind-apply-helpers/-/call-bind-apply-helpers-1.0.2.tgz. Extracting by manifest.
666 http cache cors@https://registry.npmjs.org/cors/-/cors-2.8.6.tgz 0ms (cache hit)
667 silly tarball no local data for call-bound@https://registry.npmjs.org/call-bound/-/call-bound-1.0.4.tgz. Extracting by manifest.
668 silly tarball no local data for get-intrinsic@https://registry.npmjs.org/get-intrinsic/-/get-intrinsic-1.3.0.tgz. Extracting by manifest.
669 silly tarball no local data for side-channel-map@https://registry.npmjs.org/side-channel-map/-/side-channel-map-1.0.1.tgz. Extracting by manifest.
670 silly tarball no local data for side-channel-list@https://registry.npmjs.org/side-channel-list/-/side-channel-list-1.0.1.tgz. Extracting by manifest.
671 silly tarball no local data for object-inspect@https://registry.npmjs.org/object-inspect/-/object-inspect-1.13.4.tgz. Extracting by manifest.
672 silly tarball no local data for es-errors@https://registry.npmjs.org/es-errors/-/es-errors-1.3.0.tgz. Extracting by manifest.
673 silly tarball no local data for path-to-regexp@https://registry.npmjs.org/path-to-regexp/-/path-to-regexp-8.4.2.tgz. Extracting by manifest.
674 http cache bcryptjs@https://registry.npmjs.org/bcryptjs/-/bcryptjs-3.0.3.tgz 0ms (cache hit)
675 silly tarball no local data for is-promise@https://registry.npmjs.org/is-promise/-/is-promise-4.0.0.tgz. Extracting by manifest.
676 silly tarball no local data for unpipe@https://registry.npmjs.org/unpipe/-/unpipe-1.0.0.tgz. Extracting by manifest.
677 silly tarball no local data for side-channel@https://registry.npmjs.org/side-channel/-/side-channel-1.1.1.tgz. Extracting by manifest.
678 silly tarball no local data for ipaddr.js@https://registry.npmjs.org/ipaddr.js/-/ipaddr.js-1.9.1.tgz. Extracting by manifest.
679 silly tarball no local data for forwarded@https://registry.npmjs.org/forwarded/-/forwarded-0.2.0.tgz. Extracting by manifest.
680 silly tarball no local data for split2@https://registry.npmjs.org/split2/-/split2-4.2.0.tgz. Extracting by manifest.
681 silly tarball no local data for xtend@https://registry.npmjs.org/xtend/-/xtend-4.0.2.tgz. Extracting by manifest.
682 silly tarball no local data for postgres-date@https://registry.npmjs.org/postgres-date/-/postgres-date-1.0.7.tgz. Extracting by manifest.
683 silly tarball no local data for side-channel-weakmap@https://registry.npmjs.org/side-channel-weakmap/-/side-channel-weakmap-1.0.2.tgz. Extracting by manifest.
684 silly tarball no local data for postgres-interval@https://registry.npmjs.org/postgres-interval/-/postgres-interval-1.2.0.tgz. Extracting by manifest.
685 silly tarball no local data for pg-int8@https://registry.npmjs.org/pg-int8/-/pg-int8-1.0.1.tgz. Extracting by manifest.
686 silly tarball no local data for postgres-bytea@https://registry.npmjs.org/postgres-bytea/-/postgres-bytea-1.0.1.tgz. Extracting by manifest.
687 silly tarball no local data for pgpass@https://registry.npmjs.org/pgpass/-/pgpass-1.0.5.tgz. Extracting by manifest.
688 silly tarball no local data for pg-types@https://registry.npmjs.org/pg-types/-/pg-types-2.2.0.tgz. Extracting by manifest.
689 silly tarball no local data for postgres-array@https://registry.npmjs.org/postgres-array/-/postgres-array-2.0.0.tgz. Extracting by manifest.
690 silly tarball no local data for pg-pool@https://registry.npmjs.org/pg-pool/-/pg-pool-3.14.0.tgz. Extracting by manifest.
691 silly tarball no local data for pg-protocol@https://registry.npmjs.org/pg-protocol/-/pg-protocol-1.14.0.tgz. Extracting by manifest.
692 silly tarball no local data for pg-cloudflare@https://registry.npmjs.org/pg-cloudflare/-/pg-cloudflare-1.4.0.tgz. Extracting by manifest.
693 silly tarball no local data for pg-connection-string@https://registry.npmjs.org/pg-connection-string/-/pg-connection-string-2.13.0.tgz. Extracting by manifest.
694 silly tarball no local data for mime-db@https://registry.npmjs.org/mime-db/-/mime-db-1.54.0.tgz. Extracting by manifest.
695 silly tarball no local data for ecdsa-sig-formatter@https://registry.npmjs.org/ecdsa-sig-formatter/-/ecdsa-sig-formatter-1.0.11.tgz. Extracting by manifest.
696 silly tarball no local data for ee-first@https://registry.npmjs.org/ee-first/-/ee-first-1.1.1.tgz. Extracting by manifest.
697 silly tarball no local data for safe-buffer@https://registry.npmjs.org/safe-buffer/-/safe-buffer-5.2.1.tgz. Extracting by manifest.
698 silly tarball no local data for buffer-equal-constant-time@https://registry.npmjs.org/buffer-equal-constant-time/-/buffer-equal-constant-time-1.0.1.tgz. Extracting by manifest.
699 silly tarball no local data for semver@https://registry.npmjs.org/semver/-/semver-7.8.4.tgz. Extracting by manifest.
700 silly tarball no local data for wrappy@https://registry.npmjs.org/wrappy/-/wrappy-1.0.2.tgz. Extracting by manifest.
701 silly tarball no local data for jwa@https://registry.npmjs.org/jwa/-/jwa-2.0.1.tgz. Extracting by manifest.
702 silly tarball no local data for lodash.once@https://registry.npmjs.org/lodash.once/-/lodash.once-4.1.1.tgz. Extracting by manifest.
703 silly tarball no local data for lodash.isstring@https://registry.npmjs.org/lodash.isstring/-/lodash.isstring-4.0.1.tgz. Extracting by manifest.
704 silly tarball no local data for lodash.isplainobject@https://registry.npmjs.org/lodash.isplainobject/-/lodash.isplainobject-4.0.6.tgz. Extracting by manifest.
705 silly tarball no local data for lodash.isnumber@https://registry.npmjs.org/lodash.isnumber/-/lodash.isnumber-3.0.3.tgz. Extracting by manifest.
706 silly tarball no local data for lodash.isboolean@https://registry.npmjs.org/lodash.isboolean/-/lodash.isboolean-3.0.3.tgz. Extracting by manifest.
707 silly tarball no local data for lodash.isinteger@https://registry.npmjs.org/lodash.isinteger/-/lodash.isinteger-4.0.4.tgz. Extracting by manifest.
708 silly tarball no local data for lodash.includes@https://registry.npmjs.org/lodash.includes/-/lodash.includes-4.3.0.tgz. Extracting by manifest.
709 silly tarball no local data for jws@https://registry.npmjs.org/jws/-/jws-4.0.1.tgz. Extracting by manifest.
710 silly tarball no local data for safer-buffer@https://registry.npmjs.org/safer-buffer/-/safer-buffer-2.1.2.tgz. Extracting by manifest.
711 silly tarball no local data for setprototypeof@https://registry.npmjs.org/setprototypeof/-/setprototypeof-1.2.0.tgz. Extracting by manifest.
712 silly tarball no local data for ms@https://registry.npmjs.org/ms/-/ms-2.1.3.tgz. Extracting by manifest.
713 silly tarball no local data for toidentifier@https://registry.npmjs.org/toidentifier/-/toidentifier-1.0.1.tgz. Extracting by manifest.
714 silly tarball no local data for raw-body@https://registry.npmjs.org/raw-body/-/raw-body-3.0.2.tgz. Extracting by manifest.
715 silly tarball no local data for iconv-lite@https://registry.npmjs.org/iconv-lite/-/iconv-lite-0.7.2.tgz. Extracting by manifest.
716 silly tarball no local data for type-is@https://registry.npmjs.org/type-is/-/type-is-2.1.0.tgz. Extracting by manifest.
717 silly tarball no local data for negotiator@https://registry.npmjs.org/negotiator/-/negotiator-1.0.0.tgz. Extracting by manifest.
718 silly tarball no local data for statuses@https://registry.npmjs.org/statuses/-/statuses-2.0.2.tgz. Extracting by manifest.
719 silly tarball no local data for bytes@https://registry.npmjs.org/bytes/-/bytes-3.1.2.tgz. Extracting by manifest.
720 silly tarball no local data for serve-static@https://registry.npmjs.org/serve-static/-/serve-static-2.2.1.tgz. Extracting by manifest.
721 silly tarball no local data for send@https://registry.npmjs.org/send/-/send-1.2.1.tgz. Extracting by manifest.
722 silly tarball no local data for router@https://registry.npmjs.org/router/-/router-2.2.0.tgz. Extracting by manifest.
723 silly tarball no local data for range-parser@https://registry.npmjs.org/range-parser/-/range-parser-1.2.1.tgz. Extracting by manifest.
724 silly tarball no local data for qs@https://registry.npmjs.org/qs/-/qs-6.15.2.tgz. Extracting by manifest.
725 silly tarball no local data for proxy-addr@https://registry.npmjs.org/proxy-addr/-/proxy-addr-2.0.7.tgz. Extracting by manifest.
726 silly tarball no local data for once@https://registry.npmjs.org/once/-/once-1.4.0.tgz. Extracting by manifest.
727 silly tarball no local data for on-finished@https://registry.npmjs.org/on-finished/-/on-finished-2.4.1.tgz. Extracting by manifest.
728 silly tarball no local data for parseurl@https://registry.npmjs.org/parseurl/-/parseurl-1.3.3.tgz. Extracting by manifest.
729 silly tarball no local data for mime-types@https://registry.npmjs.org/mime-types/-/mime-types-3.0.2.tgz. Extracting by manifest.
730 silly tarball no local data for merge-descriptors@https://registry.npmjs.org/merge-descriptors/-/merge-descriptors-2.0.0.tgz. Extracting by manifest.
731 silly tarball no local data for fresh@https://registry.npmjs.org/fresh/-/fresh-2.0.0.tgz. Extracting by manifest.
732 silly tarball no local data for finalhandler@https://registry.npmjs.org/finalhandler/-/finalhandler-2.1.1.tgz. Extracting by manifest.
733 silly tarball no local data for etag@https://registry.npmjs.org/etag/-/etag-1.8.1.tgz. Extracting by manifest.
734 silly tarball no local data for escape-html@https://registry.npmjs.org/escape-html/-/escape-html-1.0.3.tgz. Extracting by manifest.
735 silly tarball no local data for http-errors@https://registry.npmjs.org/http-errors/-/http-errors-2.0.1.tgz. Extracting by manifest.
736 silly tarball no local data for encodeurl@https://registry.npmjs.org/encodeurl/-/encodeurl-2.0.0.tgz. Extracting by manifest.
737 silly tarball no local data for cookie-signature@https://registry.npmjs.org/cookie-signature/-/cookie-signature-1.2.2.tgz. Extracting by manifest.
738 silly tarball no local data for depd@https://registry.npmjs.org/depd/-/depd-2.0.0.tgz. Extracting by manifest.
739 silly tarball no local data for debug@https://registry.npmjs.org/debug/-/debug-4.4.3.tgz. Extracting by manifest.
740 silly tarball no local data for cookie@https://registry.npmjs.org/cookie/-/cookie-0.7.2.tgz. Extracting by manifest.
741 silly tarball no local data for content-type@https://registry.npmjs.org/content-type/-/content-type-1.0.5.tgz. Extracting by manifest.
742 silly tarball no local data for body-parser@https://registry.npmjs.org/body-parser/-/body-parser-2.2.2.tgz. Extracting by manifest.
743 silly tarball no local data for content-disposition@https://registry.npmjs.org/content-disposition/-/content-disposition-1.1.0.tgz. Extracting by manifest.
744 silly tarball no local data for accepts@https://registry.npmjs.org/accepts/-/accepts-2.0.0.tgz. Extracting by manifest.
745 silly tarball no local data for object-assign@https://registry.npmjs.org/object-assign/-/object-assign-4.1.1.tgz. Extracting by manifest.
746 silly tarball no local data for zod@https://registry.npmjs.org/zod/-/zod-4.4.3.tgz. Extracting by manifest.
747 silly tarball no local data for vary@https://registry.npmjs.org/vary/-/vary-1.1.2.tgz. Extracting by manifest.
748 silly tarball no local data for pg@https://registry.npmjs.org/pg/-/pg-8.21.0.tgz. Extracting by manifest.
749 silly tarball no local data for dotenv@https://registry.npmjs.org/dotenv/-/dotenv-17.4.2.tgz. Extracting by manifest.
750 silly tarball no local data for express@https://registry.npmjs.org/express/-/express-5.2.1.tgz. Extracting by manifest.
751 silly tarball no local data for inherits@https://registry.npmjs.org/inherits/-/inherits-2.0.4.tgz. Extracting by manifest.
752 silly tarball no local data for jsonwebtoken@https://registry.npmjs.org/jsonwebtoken/-/jsonwebtoken-9.0.3.tgz. Extracting by manifest.
753 silly tarball no local data for content-type@https://registry.npmjs.org/content-type/-/content-type-2.0.0.tgz. Extracting by manifest.
754 silly tarball no local data for cors@https://registry.npmjs.org/cors/-/cors-2.8.6.tgz. Extracting by manifest.
755 silly tarball no local data for bcryptjs@https://registry.npmjs.org/bcryptjs/-/bcryptjs-3.0.3.tgz. Extracting by manifest.
756 http fetch POST 200 https://registry.npmjs.org/-/npm/v1/security/advisories/bulk 416ms
757 silly audit report {}
758 http fetch GET 200 https://registry.npmjs.org/media-typer/-/media-typer-1.1.0.tgz 640ms (cache miss)
759 http fetch GET 200 https://registry.npmjs.org/function-bind/-/function-bind-1.1.2.tgz 665ms (cache miss)
760 http fetch GET 200 https://registry.npmjs.org/es-define-property/-/es-define-property-1.0.1.tgz 940ms (cache miss)
761 http fetch GET 200 https://registry.npmjs.org/is-promise/-/is-promise-4.0.0.tgz 2312ms (cache miss)
762 http fetch GET 200 https://registry.npmjs.org/es-errors/-/es-errors-1.3.0.tgz 2343ms (cache miss)
763 http fetch GET 200 https://registry.npmjs.org/forwarded/-/forwarded-0.2.0.tgz 2551ms (cache miss)
764 http fetch GET 200 https://registry.npmjs.org/unpipe/-/unpipe-1.0.0.tgz 2558ms (cache miss)
765 http fetch GET 200 https://registry.npmjs.org/postgres-date/-/postgres-date-1.0.7.tgz 2557ms (cache miss)
766 http fetch GET 200 https://registry.npmjs.org/postgres-interval/-/postgres-interval-1.2.0.tgz 2699ms (cache miss)
767 http fetch GET 200 https://registry.npmjs.org/xtend/-/xtend-4.0.2.tgz 2710ms (cache miss)
768 http fetch GET 200 https://registry.npmjs.org/pg-int8/-/pg-int8-1.0.1.tgz 2736ms (cache miss)
769 http fetch GET 200 https://registry.npmjs.org/lodash.once/-/lodash.once-4.1.1.tgz 2774ms (cache miss)
770 http fetch GET 200 https://registry.npmjs.org/split2/-/split2-4.2.0.tgz 2926ms (cache miss)
771 http fetch GET 200 https://registry.npmjs.org/postgres-bytea/-/postgres-bytea-1.0.1.tgz 2966ms (cache miss)
772 http fetch GET 200 https://registry.npmjs.org/hasown/-/hasown-2.0.4.tgz 2998ms (cache miss)
773 http fetch GET 200 https://registry.npmjs.org/postgres-array/-/postgres-array-2.0.0.tgz 2977ms (cache miss)
774 http fetch GET 200 https://registry.npmjs.org/lodash.isinteger/-/lodash.isinteger-4.0.4.tgz 2968ms (cache miss)
775 http fetch GET 200 https://registry.npmjs.org/buffer-equal-constant-time/-/buffer-equal-constant-time-1.0.1.tgz 2998ms (cache miss)
776 http fetch GET 200 https://registry.npmjs.org/wrappy/-/wrappy-1.0.2.tgz 3000ms (cache miss)
777 http fetch GET 200 https://registry.npmjs.org/ee-first/-/ee-first-1.1.1.tgz 3008ms (cache miss)
778 http fetch GET 200 https://registry.npmjs.org/lodash.includes/-/lodash.includes-4.3.0.tgz 2997ms (cache miss)
779 http fetch GET 200 https://registry.npmjs.org/negotiator/-/negotiator-1.0.0.tgz 2990ms (cache miss)
780 http fetch GET 200 https://registry.npmjs.org/pgpass/-/pgpass-1.0.5.tgz 3253ms (cache miss)
781 http fetch GET 200 https://registry.npmjs.org/router/-/router-2.2.0.tgz 3239ms (cache miss)
782 http fetch GET 200 https://registry.npmjs.org/once/-/once-1.4.0.tgz 3234ms (cache miss)
783 http fetch GET 200 https://registry.npmjs.org/lodash.isboolean/-/lodash.isboolean-3.0.3.tgz 3407ms (cache miss)
784 http fetch GET 200 https://registry.npmjs.org/toidentifier/-/toidentifier-1.0.1.tgz 3424ms (cache miss)
785 http fetch GET 200 https://registry.npmjs.org/raw-body/-/raw-body-3.0.2.tgz 3427ms (cache miss)
786 http fetch GET 200 https://registry.npmjs.org/setprototypeof/-/setprototypeof-1.2.0.tgz 3432ms (cache miss)
787 http fetch GET 200 https://registry.npmjs.org/type-is/-/type-is-2.1.0.tgz 3439ms (cache miss)
788 http fetch GET 200 https://registry.npmjs.org/statuses/-/statuses-2.0.2.tgz 3447ms (cache miss)
789 http fetch GET 200 https://registry.npmjs.org/pg-pool/-/pg-pool-3.14.0.tgz 3527ms (cache miss)
790 http fetch GET 200 https://registry.npmjs.org/lodash.isnumber/-/lodash.isnumber-3.0.3.tgz 3519ms (cache miss)
791 http fetch GET 200 https://registry.npmjs.org/lodash.isstring/-/lodash.isstring-4.0.1.tgz 3521ms (cache miss)
792 http fetch GET 200 https://registry.npmjs.org/merge-descriptors/-/merge-descriptors-2.0.0.tgz 3510ms (cache miss)
793 http fetch GET 200 https://registry.npmjs.org/jwa/-/jwa-2.0.1.tgz 3549ms (cache miss)
794 http fetch GET 200 https://registry.npmjs.org/on-finished/-/on-finished-2.4.1.tgz 3525ms (cache miss)
795 http fetch GET 200 https://registry.npmjs.org/send/-/send-1.2.1.tgz 3539ms (cache miss)
796 http fetch GET 200 https://registry.npmjs.org/escape-html/-/escape-html-1.0.3.tgz 3526ms (cache miss)
797 http fetch GET 200 https://registry.npmjs.org/range-parser/-/range-parser-1.2.1.tgz 3535ms (cache miss)
798 http fetch GET 200 https://registry.npmjs.org/cookie-signature/-/cookie-signature-1.2.2.tgz 3660ms (cache miss)
799 http fetch GET 200 https://registry.npmjs.org/encodeurl/-/encodeurl-2.0.0.tgz 3676ms (cache miss)
800 http fetch GET 200 https://registry.npmjs.org/ipaddr.js/-/ipaddr.js-1.9.1.tgz 3739ms (cache miss)
801 http fetch GET 200 https://registry.npmjs.org/lodash.isplainobject/-/lodash.isplainobject-4.0.6.tgz 3716ms (cache miss)
802 http fetch GET 200 https://registry.npmjs.org/mime-types/-/mime-types-3.0.2.tgz 3695ms (cache miss)
803 http fetch GET 200 https://registry.npmjs.org/content-disposition/-/content-disposition-1.1.0.tgz 3685ms (cache miss)
804 http fetch GET 200 https://registry.npmjs.org/cookie/-/cookie-0.7.2.tgz 3692ms (cache miss)
805 http fetch GET 200 https://registry.npmjs.org/object-assign/-/object-assign-4.1.1.tgz 3689ms (cache miss)
806 http fetch GET 200 https://registry.npmjs.org/ms/-/ms-2.1.3.tgz 3740ms (cache miss)
807 http fetch GET 200 https://registry.npmjs.org/serve-static/-/serve-static-2.2.1.tgz 3733ms (cache miss)
808 http fetch GET 200 https://registry.npmjs.org/parseurl/-/parseurl-1.3.3.tgz 3724ms (cache miss)
809 http fetch GET 200 https://registry.npmjs.org/etag/-/etag-1.8.1.tgz 3721ms (cache miss)
810 http fetch GET 200 https://registry.npmjs.org/cors/-/cors-2.8.6.tgz 3699ms (cache miss)
811 http fetch GET 200 https://registry.npmjs.org/fresh/-/fresh-2.0.0.tgz 3736ms (cache miss)
812 http fetch GET 200 https://registry.npmjs.org/accepts/-/accepts-2.0.0.tgz 3729ms (cache miss)
813 http fetch GET 200 https://registry.npmjs.org/path-to-regexp/-/path-to-regexp-8.4.2.tgz 3799ms (cache miss)
814 http fetch GET 200 https://registry.npmjs.org/pg-connection-string/-/pg-connection-string-2.13.0.tgz 3783ms (cache miss)
815 http fetch GET 200 https://registry.npmjs.org/bytes/-/bytes-3.1.2.tgz 3767ms (cache miss)
816 http fetch GET 200 https://registry.npmjs.org/inherits/-/inherits-2.0.4.tgz 3747ms (cache miss)
817 http fetch GET 200 https://registry.npmjs.org/gopd/-/gopd-1.2.0.tgz 3836ms (cache miss)
818 http fetch GET 200 https://registry.npmjs.org/content-type/-/content-type-1.0.5.tgz 3776ms (cache miss)
819 http fetch GET 200 https://registry.npmjs.org/vary/-/vary-1.1.2.tgz 3776ms (cache miss)
820 http fetch GET 200 https://registry.npmjs.org/ecdsa-sig-formatter/-/ecdsa-sig-formatter-1.0.11.tgz 4024ms (cache miss)
821 http fetch GET 200 https://registry.npmjs.org/depd/-/depd-2.0.0.tgz 3995ms (cache miss)
822 http fetch GET 200 https://registry.npmjs.org/safer-buffer/-/safer-buffer-2.1.2.tgz 4038ms (cache miss)
823 http fetch GET 200 https://registry.npmjs.org/content-type/-/content-type-2.0.0.tgz 4021ms (cache miss)
824 http fetch GET 200 https://registry.npmjs.org/proxy-addr/-/proxy-addr-2.0.7.tgz 4050ms (cache miss)
825 http fetch GET 200 https://registry.npmjs.org/finalhandler/-/finalhandler-2.1.1.tgz 4055ms (cache miss)
826 http fetch GET 200 https://registry.npmjs.org/safe-buffer/-/safe-buffer-5.2.1.tgz 4098ms (cache miss)
827 http fetch GET 200 https://registry.npmjs.org/get-proto/-/get-proto-1.0.1.tgz 4135ms (cache miss)
828 http fetch GET 200 https://registry.npmjs.org/mime-db/-/mime-db-1.54.0.tgz 4217ms (cache miss)
829 http fetch GET 200 https://registry.npmjs.org/http-errors/-/http-errors-2.0.1.tgz 4235ms (cache miss)
830 http fetch GET 200 https://registry.npmjs.org/side-channel/-/side-channel-1.1.1.tgz 4300ms (cache miss)
831 http fetch GET 200 https://registry.npmjs.org/dunder-proto/-/dunder-proto-1.0.1.tgz 4341ms (cache miss)
832 http fetch GET 200 https://registry.npmjs.org/debug/-/debug-4.4.3.tgz 4269ms (cache miss)
833 http fetch GET 200 https://registry.npmjs.org/side-channel-list/-/side-channel-list-1.0.1.tgz 4339ms (cache miss)
834 http fetch GET 200 https://registry.npmjs.org/side-channel-weakmap/-/side-channel-weakmap-1.0.2.tgz 4328ms (cache miss)
835 http fetch GET 200 https://registry.npmjs.org/es-object-atoms/-/es-object-atoms-1.1.2.tgz 4357ms (cache miss)
836 http fetch GET 200 https://registry.npmjs.org/call-bound/-/call-bound-1.0.4.tgz 4355ms (cache miss)
837 http fetch GET 200 https://registry.npmjs.org/side-channel-map/-/side-channel-map-1.0.1.tgz 4376ms (cache miss)
838 http fetch GET 200 https://registry.npmjs.org/jws/-/jws-4.0.1.tgz 4346ms (cache miss)
839 http fetch GET 200 https://registry.npmjs.org/get-intrinsic/-/get-intrinsic-1.3.0.tgz 4396ms (cache miss)
840 http fetch GET 200 https://registry.npmjs.org/has-symbols/-/has-symbols-1.1.0.tgz 4545ms (cache miss)
841 http fetch GET 200 https://registry.npmjs.org/pg-types/-/pg-types-2.2.0.tgz 4556ms (cache miss)
842 http fetch GET 200 https://registry.npmjs.org/bcryptjs/-/bcryptjs-3.0.3.tgz 4498ms (cache miss)
843 http fetch GET 200 https://registry.npmjs.org/body-parser/-/body-parser-2.2.2.tgz 4544ms (cache miss)
844 http fetch GET 200 https://registry.npmjs.org/pg-cloudflare/-/pg-cloudflare-1.4.0.tgz 4599ms (cache miss)
845 http fetch GET 200 https://registry.npmjs.org/call-bind-apply-helpers/-/call-bind-apply-helpers-1.0.2.tgz 4651ms (cache miss)
846 http fetch GET 200 https://registry.npmjs.org/dotenv/-/dotenv-17.4.2.tgz 4580ms (cache miss)
847 http fetch GET 200 https://registry.npmjs.org/express/-/express-5.2.1.tgz 4585ms (cache miss)
848 http fetch GET 200 https://registry.npmjs.org/jsonwebtoken/-/jsonwebtoken-9.0.3.tgz 4584ms (cache miss)
849 http fetch GET 200 https://registry.npmjs.org/qs/-/qs-6.15.2.tgz 4834ms (cache miss)
850 http fetch GET 200 https://registry.npmjs.org/math-intrinsics/-/math-intrinsics-1.1.0.tgz 4908ms (cache miss)
851 http fetch GET 200 https://registry.npmjs.org/pg/-/pg-8.21.0.tgz 4827ms (cache miss)
852 http fetch GET 200 https://registry.npmjs.org/object-inspect/-/object-inspect-1.13.4.tgz 5154ms (cache miss)
853 http fetch GET 200 https://registry.npmjs.org/iconv-lite/-/iconv-lite-0.7.2.tgz 5448ms (cache miss)
854 http fetch GET 200 https://registry.npmjs.org/pg-protocol/-/pg-protocol-1.14.0.tgz 5482ms (cache miss)
855 http fetch GET 200 https://registry.npmjs.org/semver/-/semver-7.8.4.tgz 5626ms (cache miss)
856 http fetch GET 200 https://registry.npmjs.org/zod/-/zod-4.4.3.tgz 11572ms (cache miss)
857 silly ADD node_modules/media-typer
858 silly ADD node_modules/dunder-proto
859 silly ADD node_modules/math-intrinsics
860 silly ADD node_modules/hasown
861 silly ADD node_modules/has-symbols
862 silly ADD node_modules/gopd
863 silly ADD node_modules/get-proto
864 silly ADD node_modules/es-object-atoms
865 silly ADD node_modules/es-define-property
866 silly ADD node_modules/function-bind
867 silly ADD node_modules/call-bind-apply-helpers
868 silly ADD node_modules/get-intrinsic
869 silly ADD node_modules/call-bound
870 silly ADD node_modules/side-channel-weakmap
871 silly ADD node_modules/side-channel-map
872 silly ADD node_modules/side-channel-list
873 silly ADD node_modules/object-inspect
874 silly ADD node_modules/es-errors
875 silly ADD node_modules/path-to-regexp
876 silly ADD node_modules/is-promise
877 silly ADD node_modules/unpipe
878 silly ADD node_modules/side-channel
879 silly ADD node_modules/ipaddr.js
880 silly ADD node_modules/forwarded
881 silly ADD node_modules/xtend
882 silly ADD node_modules/split2
883 silly ADD node_modules/postgres-interval
884 silly ADD node_modules/postgres-date
885 silly ADD node_modules/postgres-bytea
886 silly ADD node_modules/postgres-array
887 silly ADD node_modules/pg-int8
888 silly ADD node_modules/pgpass
889 silly ADD node_modules/pg-types
890 silly ADD node_modules/pg-protocol
891 silly ADD node_modules/pg-pool
892 silly ADD node_modules/pg-connection-string
893 silly ADD node_modules/pg-cloudflare
894 silly ADD node_modules/wrappy
895 silly ADD node_modules/ee-first
896 silly ADD node_modules/mime-db
897 silly ADD node_modules/ecdsa-sig-formatter
898 silly ADD node_modules/buffer-equal-constant-time
899 silly ADD node_modules/safe-buffer
900 silly ADD node_modules/jwa
901 silly ADD node_modules/semver
902 silly ADD node_modules/lodash.once
903 silly ADD node_modules/lodash.isstring
904 silly ADD node_modules/lodash.isplainobject
905 silly ADD node_modules/lodash.isnumber
906 silly ADD node_modules/lodash.isinteger
907 silly ADD node_modules/lodash.isboolean
908 silly ADD node_modules/lodash.includes
909 silly ADD node_modules/jws
910 silly ADD node_modules/safer-buffer
911 silly ADD node_modules/toidentifier
912 silly ADD node_modules/setprototypeof
913 silly ADD node_modules/inherits
914 silly ADD node_modules/ms
915 silly ADD node_modules/raw-body
916 silly ADD node_modules/iconv-lite
917 silly ADD node_modules/bytes
918 silly ADD node_modules/negotiator
919 silly ADD node_modules/type-is
920 silly ADD node_modules/type-is/node_modules/content-type
921 silly ADD node_modules/statuses
922 silly ADD node_modules/serve-static
923 silly ADD node_modules/send
924 silly ADD node_modules/router
925 silly ADD node_modules/range-parser
926 silly ADD node_modules/qs
927 silly ADD node_modules/proxy-addr
928 silly ADD node_modules/parseurl
929 silly ADD node_modules/once
930 silly ADD node_modules/on-finished
931 silly ADD node_modules/mime-types
932 silly ADD node_modules/merge-descriptors
933 silly ADD node_modules/http-errors
934 silly ADD node_modules/fresh
935 silly ADD node_modules/finalhandler
936 silly ADD node_modules/etag
937 silly ADD node_modules/escape-html
938 silly ADD node_modules/encodeurl
939 silly ADD node_modules/depd
940 silly ADD node_modules/debug
941 silly ADD node_modules/cookie-signature
942 silly ADD node_modules/cookie
943 silly ADD node_modules/content-type
944 silly ADD node_modules/content-disposition
945 silly ADD node_modules/body-parser
946 silly ADD node_modules/accepts
947 silly ADD node_modules/vary
948 silly ADD node_modules/object-assign
949 silly ADD node_modules/zod
950 silly ADD node_modules/pg
951 silly ADD node_modules/jsonwebtoken
952 silly ADD node_modules/express
953 silly ADD node_modules/dotenv
954 silly ADD node_modules/cors
955 silly ADD node_modules/bcryptjs
956 verbose cwd C:\WORKDIR\RideManagment\RideApp\backend
957 verbose os Windows_NT 10.0.26200
958 verbose node v24.16.0
959 verbose npm  v11.13.0
960 notice
960 notice New minor version of npm available! 11.13.0 -> 11.17.0
960 notice Changelog: https://github.com/npm/cli/releases/tag/v11.17.0
960 notice To update run: npm install -g npm@11.17.0
960 notice  { force: true, Symbol(proc-log.meta): true }
961 verbose exit 0
962 info ok
